Arguments: 
  C:\Program Files\nodejs\node.exe C:\Users\uSeR\AppData\Roaming\npm\node_modules\yarn\bin\yarn.js

PATH: 
  C:\ProgramData\anaconda3\condabin;C:\Program Files\Python311\Scripts\;C:\Program Files\Python311\;C:\Users\uSeR\AppData\Local\Programs\Python\Python311\Scripts;C:\Program Files (x86)\Common Files\Oracle\Java\javapath;C:\Program Files (x86)\Common Files\Intel\Shared Files\cpp\bin\Intel64;C:\Windows\system32;C:\Windows;C:\Windows\System32\Wbem;C:\Windows\System32\WindowsPowerShell\v1.0\;C:\Windows\System32\OpenSSH\;%jJAVA_HOME%\bin;C:\Program Files\Go\bin;C:\Program Files\dotnet\;C:\ProgramData\anaconda3\Scripts\;C:\ProgramData\anaconda3\;C:\ProgramData\anaconda3\envs\;C:\ProgramData\chocolatey\bin;%NVM_HOME%;%NVM_SYMLINK%;C:\Users\uSeR\AppData\Local\Microsoft\WindowsApps;C:\Program Files\JetBrains\IntelliJ IDEA Community Edition 2021.3.2\bin;;C:\Users\uSeR\go\bin;C:\ProgramData\anaconda3\Scripts\;C:\Program Files\JetBrains\PyCharm 2022.2\bin;;C:\ProgramData\anaconda3\;C:\Users\uSeR\AppData\Local\Programs\Microsoft VS Code\bin;C:\ProgramData\anaconda3\envs\;C:\Users\uSeR\AppData\Roaming\npm;C:\Users\uSeR\AppData\Roaming\nvm;C:\Program Files\nodejs

Yarn version: 
  1.22.19

Node version: 
  14.19.1

Platform: 
  win32 x64

Trace: 
  Error: https://registry.yarnpkg.com/@mui/material/-/material-5.13.5.tgz: ESOCKETTIMEDOUT
      at ClientRequest.<anonymous> (C:\Users\uSeR\AppData\Roaming\npm\node_modules\yarn\lib\cli.js:141517:19)
      at Object.onceWrapper (events.js:519:28)
      at ClientRequest.emit (events.js:400:28)
      at TLSSocket.emitRequestTimeout (_http_client.js:790:9)
      at Object.onceWrapper (events.js:519:28)
      at TLSSocket.emit (events.js:412:35)
      at TLSSocket.Socket._onTimeout (net.js:495:8)
      at listOnTimeout (internal/timers.js:557:17)
      at processTimers (internal/timers.js:500:7)

npm manifest: 
  {
    "name": "absensi-spreadsheet",
    "version": "5.0.0",
    "private": true,
    "scripts": {
      "start": "react-scripts start",
      "build": "react-scripts build",
      "test": "react-scripts test",
      "eject": "react-scripts eject"
    },
    "dependencies": {
      "@emotion/react": "latest",
      "@emotion/styled": "latest",
      "@mui/material": "^5.13.5",
      "@mui/styles": "^5.13.2",
      "axios": "^1.4.0",
      "buffer": "^6.0.3",
      "date-fns": "^2.30.0",
      "google-spreadsheet": "^3.3.0",
      "react": "latest",
      "react-dom": "latest",
      "react-scripts": "4.0.3"
    },
    "devDependencies": {
      "buffer": "npm:buffer@6.0.3",
      "crypto": "npm:crypto-browserify@3.12.0",
      "stream": "npm:stream-browserify@3.0.0",
      "util": "npm:util@0.12.5"
    },
    "browserslist": {
      "production": [
        ">0.2%",
        "not dead",
        "not op_mini all"
      ],
      "development": [
        "last 1 chrome version",
        "last 1 firefox version",
        "last 1 safari version"
      ]
    }
  }

yarn manifest: 
  No manifest

Lockfile: 
  # THIS IS AN AUTOGENERATED FILE. DO NOT EDIT THIS FILE DIRECTLY.
  # yarn lockfile v1
